Summary of SPARK analysis
=========================

-------------------------------------------------------------------------------------------------------
SPARK Analysis results        Total      Flow   Interval   CodePeer      Provers   Justified   Unproved
-------------------------------------------------------------------------------------------------------
Data Dependencies                 .         .          .          .            .           .          .
Flow Dependencies                 .         .          .          .            .           .          .
Initialization                    .         .          .          .            .           .          .
Non-Aliasing                      .         .          .          .            .           .          .
Run-time Checks                   1         .          .          .     1 (CVC4)           .          .
Assertions                        .         .          .          .            .           .          .
Functional Contracts             12         .          .          .    12 (CVC4)           .          .
LSP Verification                  .         .          .          .            .           .          .
-------------------------------------------------------------------------------------------------------
Total                            13         .          .          .    13 (100%)           .          .


max steps used for successful proof: 1

Analyzed 1 unit
in unit watertank, 5 subprograms and packages out of 5 analyzed
  waterTank at watertank.ads:1 flow analyzed (0 errors, 0 checks and 0 warnings) and proved (0 checks)
  waterTank.ConstructWaterTank at watertank.ads:31 flow analyzed (0 errors, 0 checks and 0 warnings) and proved (0 checks)
  waterTank.Update at watertank.ads:22 flow analyzed (0 errors, 0 checks and 0 warnings) and proved (3 checks)
  waterTank.UpdateWaterLevel at watertank.ads:15 flow analyzed (0 errors, 0 checks and 0 warnings) and proved (6 checks)
  waterTank.UpdateWaterStatus at watertank.ads:26 flow analyzed (0 errors, 0 checks and 0 warnings) and proved (4 checks)
